  1   :  Fehlerhafter Dateiname!
  2   :  Fehler in ZIP Datei!
  3   :  Fehler in ZIP Datei!
  4   :  Zu wenig Hauptspeicher!
  5   :  Zu wenig Hauptspeicher!
  6   :  Zu wenig Hauptspeicher!
  7   :  Zu wenig Hauptspeicher!
  8   :  Zu wenig Hauptspeicher!
  9   :  Zu wenig Hauptspeicher!
  10  :  Zu wenig Hauptspeicher!
  11  :  Zu wenig Hauptspeicher!
  12  :  Keine Dateien zum Archivieren od. L”schen gefunden!
  13  :  ZIP Datei o. Dateiliste wurde nicht gefunden!
  14  :  Platte ist voll!
  15  :  ZIP Datei ist read-only und nicht ver„nderbar!
  16  :  Falsche Parameter!
  17  :  Zu viele Dateien!
  18  :  Kann Datei nicht ”ffnen!
  27  :  Nicht austauschbarer od. untersttzter Datentr„ger!
  255 :  Anwender brach mit Strg-Pause oder Strg-C ab!